This is pdfTeX, Version 3.14159265-2.6-1.40.16 (TeX Live 2015/Debian) (preloaded format=pdflatex 2017.10.4)  7 JAN 2018 23:32
entering extended mode
 restricted \write18 enabled.
 %&-line parsing enabled.
**rasd.tex
(./rasd.tex
LaTeX2e <2016/02/01>
Babel <3.9q> and hyphenation patterns for 3 language(s) loaded.
(/usr/share/texlive/texmf-dist/tex/latex/koma-script/scrbook.cls
Document Class: scrbook 2015/10/03 v3.19a KOMA-Script document class (book)
(/usr/share/texlive/texmf-dist/tex/latex/koma-script/scrkbase.sty
Package: scrkbase 2015/10/03 v3.19a KOMA-Script package (KOMA-Script-dependent 
basics and keyval usage)

(/usr/share/texlive/texmf-dist/tex/latex/koma-script/scrbase.sty
Package: scrbase 2015/10/03 v3.19a KOMA-Script package (KOMA-Script-independent
 basics and keyval usage)

(/usr/share/texlive/texmf-dist/tex/latex/graphics/keyval.sty
Package: keyval 2014/10/28 v1.15 key=value parser (DPC)
\KV@toks@=\toks14
)
(/usr/share/texlive/texmf-dist/tex/latex/koma-script/scrlfile.sty
Package: scrlfile 2015/10/03 v3.19a KOMA-Script package (loading files)

Package scrlfile, 2015/10/03 v3.19a KOMA-Script package (loading files)
                  Copyright (C) Markus Kohm

))) (/usr/share/texlive/texmf-dist/tex/latex/koma-script/tocbasic.sty
Package: tocbasic 2015/10/03 v3.19a KOMA-Script package (handling toc-files)
)
Package tocbasic Info: omitting babel extension for `toc'
(tocbasic)             because of feature `nobabel' available
(tocbasic)             for `toc' on input line 125.
Package tocbasic Info: omitting babel extension for `lof'
(tocbasic)             because of feature `nobabel' available
(tocbasic)             for `lof' on input line 126.
Package tocbasic Info: omitting babel extension for `lot'
(tocbasic)             because of feature `nobabel' available
(tocbasic)             for `lot' on input line 127.
Package tocbasic Info: defining new hook before heading of `' on input line 158
4.
Package scrbook Info: You've used standard option `12pt'.
(scrbook)             This is correct!
(scrbook)             Internally I'm using `fontsize=12pt'.
(scrbook)             If you'd like to set the option with \KOMAoptions,
(scrbook)             you'd have to use `fontsize=12pt' there
(scrbook)             instead of `12pt', too.
Class scrbook Info: You've used standard option `oneside'.
(scrbook)           This is correct!
(scrbook)           Internally I'm using `twoside=false'.
(scrbook)           If you'd like to set the option with \KOMAoptions,
(scrbook)           you'd have to use `twoside=false' there
(scrbook)           instead of `oneside', too.
Class scrbook Info: File `scrsize12pt.clo' used to setup font sizes on input li
ne 2251.

(/usr/share/texlive/texmf-dist/tex/latex/koma-script/scrsize12pt.clo
File: scrsize12pt.clo 2015/10/03 v3.19a KOMA-Script font size class option (12p
t)
)
(/usr/share/texlive/texmf-dist/tex/latex/koma-script/typearea.sty
Package: typearea 2015/10/03 v3.19a KOMA-Script package (type area)

Package typearea, 2015/10/03 v3.19a KOMA-Script package (type area)
                  Copyright (C) Frank Neukam, 1992-1994
                  Copyright (C) Markus Kohm, 1994-

\ta@bcor=\skip41
\ta@div=\count79
Package typearea Info: You've used standard option `a4paper'.
(typearea)             This is correct!
(typearea)             Internally I'm using `paper=a4'.
(typearea)             If you'd like to set the option with \KOMAoptions,
(typearea)             you'd have to use `paper=a4' there
(typearea)             instead of `a4paper', too.
Package typearea Info: You've used standard option `oneside'.
(typearea)             This is correct!
(typearea)             Internally I'm using `twoside=false'.
(typearea)             If you'd like to set the option with \KOMAoptions,
(typearea)             you'd have to use `twoside=false' there
(typearea)             instead of `oneside', too.
\ta@hblk=\skip42
\ta@vblk=\skip43
\ta@temp=\skip44
\footheight=\skip45
Package typearea Info: These are the values describing the layout:
(typearea)             DIV  = 12
(typearea)             BCOR = 0.0pt
(typearea)             \paperwidth      = 597.50793pt
(typearea)              \textwidth      = 448.13095pt
(typearea)              DIV departure   = -6%
(typearea)              \evensidemargin = 2.4185pt
(typearea)              \oddsidemargin  = 2.4185pt
(typearea)             \paperheight     = 845.04694pt
(typearea)              \textheight     = 635.5pt
(typearea)              \topmargin      = -41.72441pt
(typearea)              \headheight     = 18.125pt
(typearea)              \headsep        = 21.75pt
(typearea)              \topskip        = 12.0pt
(typearea)              \footskip       = 50.75pt
(typearea)              \baselineskip   = 14.5pt
(typearea)              on input line 1509.
)
\c@part=\count80
\c@chapter=\count81
\c@section=\count82
\c@subsection=\count83
\c@subsubsection=\count84
\c@paragraph=\count85
\c@subparagraph=\count86
LaTeX Info: Redefining \textsubscript on input line 4654.
\abovecaptionskip=\skip46
\belowcaptionskip=\skip47
\c@pti@nb@sid@b@x=\box26
\c@figure=\count87
\c@table=\count88
\bibindent=\dimen102
) (/usr/share/texlive/texmf-dist/tex/latex/blindtext/blindtext.sty
Package: blindtext 2012/01/06 V2.0 blindtext-Package

(/usr/share/texlive/texmf-dist/tex/latex/tools/xspace.sty
Package: xspace 2014/10/28 v1.13 Space after command names (DPC,MH)
)
\c@blindtext=\count89
\c@Blindtext=\count90
\c@blind@countparstart=\count91
\blind@countxx=\count92
\blindtext@numBlindtext=\count93
\blind@countyy=\count94
\c@blindlist=\count95
\c@blindlistlevel=\count96
\c@blindlist@level=\count97
\blind@listitem=\count98
\c@blind@listcount=\count99
\c@blind@levelcount=\count100
\blind@mathformula=\count101
\blind@Mathformula=\count102
\c@blind@randomcount=\count103
\c@blind@randommax=\count104
\c@blind@pangramcount=\count105
\c@blind@pangrammax=\count106
)
(/usr/share/texlive/texmf-dist/tex/latex/base/inputenc.sty
Package: inputenc 2015/03/17 v1.2c Input encoding file
\inpenc@prehook=\toks15
\inpenc@posthook=\toks16

(/usr/share/texlive/texmf-dist/tex/latex/base/utf8.def
File: utf8.def 2015/12/03 v1.1r UTF-8 support for inputenc
Now handling font encoding OML ...
... no UTF-8 mapping file for font encoding OML
Now handling font encoding T1 ...
... processing UTF-8 mapping file for font encoding T1

(/usr/share/texlive/texmf-dist/tex/latex/base/t1enc.dfu
File: t1enc.dfu 2015/12/03 v1.1r UTF-8 support for inputenc
   defining Unicode char U+00A0 (decimal 160)
   defining Unicode char U+00A1 (decimal 161)
   defining Unicode char U+00A3 (decimal 163)
   defining Unicode char U+00AB (decimal 171)
   defining Unicode char U+00AD (decimal 173)
   defining Unicode char U+00BB (decimal 187)
   defining Unicode char U+00BF (decimal 191)
   defining Unicode char U+00C0 (decimal 192)
   defining Unicode char U+00C1 (decimal 193)
   defining Unicode char U+00C2 (decimal 194)
   defining Unicode char U+00C3 (decimal 195)
   defining Unicode char U+00C4 (decimal 196)
   defining Unicode char U+00C5 (decimal 197)
   defining Unicode char U+00C6 (decimal 198)
   defining Unicode char U+00C7 (decimal 199)
   defining Unicode char U+00C8 (decimal 200)
   defining Unicode char U+00C9 (decimal 201)
   defining Unicode char U+00CA (decimal 202)
   defining Unicode char U+00CB (decimal 203)
   defining Unicode char U+00CC (decimal 204)
   defining Unicode char U+00CD (decimal 205)
   defining Unicode char U+00CE (decimal 206)
   defining Unicode char U+00CF (decimal 207)
   defining Unicode char U+00D0 (decimal 208)
   defining Unicode char U+00D1 (decimal 209)
   defining Unicode char U+00D2 (decimal 210)
   defining Unicode char U+00D3 (decimal 211)
   defining Unicode char U+00D4 (decimal 212)
   defining Unicode char U+00D5 (decimal 213)
   defining Unicode char U+00D6 (decimal 214)
   defining Unicode char U+00D8 (decimal 216)
   defining Unicode char U+00D9 (decimal 217)
   defining Unicode char U+00DA (decimal 218)
   defining Unicode char U+00DB (decimal 219)
   defining Unicode char U+00DC (decimal 220)
   defining Unicode char U+00DD (decimal 221)
   defining Unicode char U+00DE (decimal 222)
   defining Unicode char U+00DF (decimal 223)
   defining Unicode char U+00E0 (decimal 224)
   defining Unicode char U+00E1 (decimal 225)
   defining Unicode char U+00E2 (decimal 226)
   defining Unicode char U+00E3 (decimal 227)
   defining Unicode char U+00E4 (decimal 228)
   defining Unicode char U+00E5 (decimal 229)
   defining Unicode char U+00E6 (decimal 230)
   defining Unicode char U+00E7 (decimal 231)
   defining Unicode char U+00E8 (decimal 232)
   defining Unicode char U+00E9 (decimal 233)
   defining Unicode char U+00EA (decimal 234)
   defining Unicode char U+00EB (decimal 235)
   defining Unicode char U+00EC (decimal 236)
   defining Unicode char U+00ED (decimal 237)
   defining Unicode char U+00EE (decimal 238)
   defining Unicode char U+00EF (decimal 239)
   defining Unicode char U+00F0 (decimal 240)
   defining Unicode char U+00F1 (decimal 241)
   defining Unicode char U+00F2 (decimal 242)
   defining Unicode char U+00F3 (decimal 243)
   defining Unicode char U+00F4 (decimal 244)
   defining Unicode char U+00F5 (decimal 245)
   defining Unicode char U+00F6 (decimal 246)
   defining Unicode char U+00F8 (decimal 248)
   defining Unicode char U+00F9 (decimal 249)
   defining Unicode char U+00FA (decimal 250)
   defining Unicode char U+00FB (decimal 251)
   defining Unicode char U+00FC (decimal 252)
   defining Unicode char U+00FD (decimal 253)
   defining Unicode char U+00FE (decimal 254)
   defining Unicode char U+00FF (decimal 255)
   defining Unicode char U+0100 (decimal 256)
   defining Unicode char U+0101 (decimal 257)
   defining Unicode char U+0102 (decimal 258)
   defining Unicode char U+0103 (decimal 259)
   defining Unicode char U+0104 (decimal 260)
   defining Unicode char U+0105 (decimal 261)
   defining Unicode char U+0106 (decimal 262)
   defining Unicode char U+0107 (decimal 263)
   defining Unicode char U+0108 (decimal 264)
   defining Unicode char U+0109 (decimal 265)
   defining Unicode char U+010A (decimal 266)
   defining Unicode char U+010B (decimal 267)
   defining Unicode char U+010C (decimal 268)
   defining Unicode char U+010D (decimal 269)
   defining Unicode char U+010E (decimal 270)
   defining Unicode char U+010F (decimal 271)
   defining Unicode char U+0110 (decimal 272)
   defining Unicode char U+0111 (decimal 273)
   defining Unicode char U+0112 (decimal 274)
   defining Unicode char U+0113 (decimal 275)
   defining Unicode char U+0114 (decimal 276)
   defining Unicode char U+0115 (decimal 277)
   defining Unicode char U+0116 (decimal 278)
   defining Unicode char U+0117 (decimal 279)
   defining Unicode char U+0118 (decimal 280)
   defining Unicode char U+0119 (decimal 281)
   defining Unicode char U+011A (decimal 282)
   defining Unicode char U+011B (decimal 283)
   defining Unicode char U+011C (decimal 284)
   defining Unicode char U+011D (decimal 285)
   defining Unicode char U+011E (decimal 286)
   defining Unicode char U+011F (decimal 287)
   defining Unicode char U+0120 (decimal 288)
   defining Unicode char U+0121 (decimal 289)
   defining Unicode char U+0122 (decimal 290)
   defining Unicode char U+0123 (decimal 291)
   defining Unicode char U+0124 (decimal 292)
   defining Unicode char U+0125 (decimal 293)
   defining Unicode char U+0128 (decimal 296)
   defining Unicode char U+0129 (decimal 297)
   defining Unicode char U+012A (decimal 298)
   defining Unicode char U+012B (decimal 299)
   defining Unicode char U+012C (decimal 300)
   defining Unicode char U+012D (decimal 301)
   defining Unicode char U+012E (decimal 302)
   defining Unicode char U+012F (decimal 303)
   defining Unicode char U+0130 (decimal 304)
   defining Unicode char U+0131 (decimal 305)
   defining Unicode char U+0132 (decimal 306)
   defining Unicode char U+0133 (decimal 307)
   defining Unicode char U+0134 (decimal 308)
   defining Unicode char U+0135 (decimal 309)
   defining Unicode char U+0136 (decimal 310)
   defining Unicode char U+0137 (decimal 311)
   defining Unicode char U+0139 (decimal 313)
   defining Unicode char U+013A (decimal 314)
   defining Unicode char U+013B (decimal 315)
   defining Unicode char U+013C (decimal 316)
   defining Unicode char U+013D (decimal 317)
   defining Unicode char U+013E (decimal 318)
   defining Unicode char U+0141 (decimal 321)
   defining Unicode char U+0142 (decimal 322)
   defining Unicode char U+0143 (decimal 323)
   defining Unicode char U+0144 (decimal 324)
   defining Unicode char U+0145 (decimal 325)
   defining Unicode char U+0146 (decimal 326)
   defining Unicode char U+0147 (decimal 327)
   defining Unicode char U+0148 (decimal 328)
   defining Unicode char U+014A (decimal 330)
   defining Unicode char U+014B (decimal 331)
   defining Unicode char U+014C (decimal 332)
   defining Unicode char U+014D (decimal 333)
   defining Unicode char U+014E (decimal 334)
   defining Unicode char U+014F (decimal 335)
   defining Unicode char U+0150 (decimal 336)
   defining Unicode char U+0151 (decimal 337)
   defining Unicode char U+0152 (decimal 338)
   defining Unicode char U+0153 (decimal 339)
   defining Unicode char U+0154 (decimal 340)
   defining Unicode char U+0155 (decimal 341)
   defining Unicode char U+0156 (decimal 342)
   defining Unicode char U+0157 (decimal 343)
   defining Unicode char U+0158 (decimal 344)
   defining Unicode char U+0159 (decimal 345)
   defining Unicode char U+015A (decimal 346)
   defining Unicode char U+015B (decimal 347)
   defining Unicode char U+015C (decimal 348)
   defining Unicode char U+015D (decimal 349)
   defining Unicode char U+015E (decimal 350)
   defining Unicode char U+015F (decimal 351)
   defining Unicode char U+0160 (decimal 352)
   defining Unicode char U+0161 (decimal 353)
   defining Unicode char U+0162 (decimal 354)
   defining Unicode char U+0163 (decimal 355)
   defining Unicode char U+0164 (decimal 356)
   defining Unicode char U+0165 (decimal 357)
   defining Unicode char U+0168 (decimal 360)
   defining Unicode char U+0169 (decimal 361)
   defining Unicode char U+016A (decimal 362)
   defining Unicode char U+016B (decimal 363)
   defining Unicode char U+016C (decimal 364)
   defining Unicode char U+016D (decimal 365)
   defining Unicode char U+016E (decimal 366)
   defining Unicode char U+016F (decimal 367)
   defining Unicode char U+0170 (decimal 368)
   defining Unicode char U+0171 (decimal 369)
   defining Unicode char U+0172 (decimal 370)
   defining Unicode char U+0173 (decimal 371)
   defining Unicode char U+0174 (decimal 372)
   defining Unicode char U+0175 (decimal 373)
   defining Unicode char U+0176 (decimal 374)
   defining Unicode char U+0177 (decimal 375)
   defining Unicode char U+0178 (decimal 376)
   defining Unicode char U+0179 (decimal 377)
   defining Unicode char U+017A (decimal 378)
   defining Unicode char U+017B (decimal 379)
   defining Unicode char U+017C (decimal 380)
   defining Unicode char U+017D (decimal 381)
   defining Unicode char U+017E (decimal 382)
   defining Unicode char U+01CD (decimal 461)
   defining Unicode char U+01CE (decimal 462)
   defining Unicode char U+01CF (decimal 463)
   defining Unicode char U+01D0 (decimal 464)
   defining Unicode char U+01D1 (decimal 465)
   defining Unicode char U+01D2 (decimal 466)
   defining Unicode char U+01D3 (decimal 467)
   defining Unicode char U+01D4 (decimal 468)
   defining Unicode char U+01E2 (decimal 482)
   defining Unicode char U+01E3 (decimal 483)
   defining Unicode char U+01E6 (decimal 486)
   defining Unicode char U+01E7 (decimal 487)
   defining Unicode char U+01E8 (decimal 488)
   defining Unicode char U+01E9 (decimal 489)
   defining Unicode char U+01EA (decimal 490)
   defining Unicode char U+01EB (decimal 491)
   defining Unicode char U+01F0 (decimal 496)
   defining Unicode char U+01F4 (decimal 500)
   defining Unicode char U+01F5 (decimal 501)
   defining Unicode char U+0218 (decimal 536)
   defining Unicode char U+0219 (decimal 537)
   defining Unicode char U+021A (decimal 538)
   defining Unicode char U+021B (decimal 539)
   defining Unicode char U+01E02 (decimal 7682)
   defining Unicode char U+01E03 (decimal 7683)
   defining Unicode char U+200C (decimal 8204)
   defining Unicode char U+2013 (decimal 8211)
   defining Unicode char U+2014 (decimal 8212)
   defining Unicode char U+2018 (decimal 8216)
   defining Unicode char U+2019 (decimal 8217)
   defining Unicode char U+201A (decimal 8218)
   defining Unicode char U+201C (decimal 8220)
   defining Unicode char U+201D (decimal 8221)
   defining Unicode char U+201E (decimal 8222)
   defining Unicode char U+2030 (decimal 8240)
   defining Unicode char U+2031 (decimal 8241)
   defining Unicode char U+2039 (decimal 8249)
   defining Unicode char U+203A (decimal 8250)
   defining Unicode char U+2423 (decimal 9251)
)
Now handling font encoding OT1 ...
... processing UTF-8 mapping file for font encoding OT1

(/usr/share/texlive/texmf-dist/tex/latex/base/ot1enc.dfu
File: ot1enc.dfu 2015/12/03 v1.1r UTF-8 support for inputenc
   defining Unicode char U+00A0 (decimal 160)
   defining Unicode char U+00A1 (decimal 161)
   defining Unicode char U+00A3 (decimal 163)
   defining Unicode char U+00AD (decimal 173)
   defining Unicode char U+00B8 (decimal 184)
   defining Unicode char U+00BF (decimal 191)
   defining Unicode char U+00C5 (decimal 197)
   defining Unicode char U+00C6 (decimal 198)
   defining Unicode char U+00D8 (decimal 216)
   defining Unicode char U+00DF (decimal 223)
   defining Unicode char U+00E6 (decimal 230)
   defining Unicode char U+00EC (decimal 236)
   defining Unicode char U+00ED (decimal 237)
   defining Unicode char U+00EE (decimal 238)
   defining Unicode char U+00EF (decimal 239)
   defining Unicode char U+00F8 (decimal 248)
   defining Unicode char U+0131 (decimal 305)
   defining Unicode char U+0141 (decimal 321)
   defining Unicode char U+0142 (decimal 322)
   defining Unicode char U+0152 (decimal 338)
   defining Unicode char U+0153 (decimal 339)
   defining Unicode char U+0174 (decimal 372)
   defining Unicode char U+0175 (decimal 373)
   defining Unicode char U+0176 (decimal 374)
   defining Unicode char U+0177 (decimal 375)
   defining Unicode char U+0218 (decimal 536)
   defining Unicode char U+0219 (decimal 537)
   defining Unicode char U+021A (decimal 538)
   defining Unicode char U+021B (decimal 539)
   defining Unicode char U+2013 (decimal 8211)
   defining Unicode char U+2014 (decimal 8212)
   defining Unicode char U+2018 (decimal 8216)
   defining Unicode char U+2019 (decimal 8217)
   defining Unicode char U+201C (decimal 8220)
   defining Unicode char U+201D (decimal 8221)
)
Now handling font encoding OMS ...
... processing UTF-8 mapping file for font encoding OMS

(/usr/share/texlive/texmf-dist/tex/latex/base/omsenc.dfu
File: omsenc.dfu 2015/12/03 v1.1r UTF-8 support for inputenc
   defining Unicode char U+00A7 (decimal 167)
   defining Unicode char U+00B6 (decimal 182)
   defining Unicode char U+00B7 (decimal 183)
   defining Unicode char U+2020 (decimal 8224)
   defining Unicode char U+2021 (decimal 8225)
   defining Unicode char U+2022 (decimal 8226)
)
Now handling font encoding OMX ...
... no UTF-8 mapping file for font encoding OMX
Now handling font encoding U ...
... no UTF-8 mapping file for font encoding U
   defining Unicode char U+00A9 (decimal 169)
   defining Unicode char U+00AA (decimal 170)
   defining Unicode char U+00AE (decimal 174)
   defining Unicode char U+00BA (decimal 186)
   defining Unicode char U+02C6 (decimal 710)
   defining Unicode char U+02DC (decimal 732)
   defining Unicode char U+200C (decimal 8204)
   defining Unicode char U+2026 (decimal 8230)
   defining Unicode char U+2122 (decimal 8482)
   defining Unicode char U+2423 (decimal 9251)
))
(/usr/share/texlive/texmf-dist/tex/latex/float/float.sty
Package: float 2001/11/08 v1.3d Float enhancements (AL)
\c@float@type=\count107
\float@exts=\toks17
\float@box=\box27
\@float@everytoks=\toks18
\@floatcapt=\box28
)
(/usr/share/texlive/texmf-dist/tex/latex/tools/tabularx.sty
Package: tabularx 2014/10/28 v2.10 `tabularx' package (DPC)

(/usr/share/texlive/texmf-dist/tex/latex/tools/array.sty
Package: array 2014/10/28 v2.4c Tabular extension package (FMi)
\col@sep=\dimen103
\extrarowheight=\dimen104
\NC@list=\toks19
\extratabsurround=\skip48
\backup@length=\skip49
)
\TX@col@width=\dimen105
\TX@old@table=\dimen106
\TX@old@col=\dimen107
\TX@target=\dimen108
\TX@delta=\dimen109
\TX@cols=\count108
\TX@ftn=\toks20
)
(/usr/share/texlive/texmf-dist/tex/latex/graphics/graphicx.sty
Package: graphicx 2014/10/28 v1.0g Enhanced LaTeX Graphics (DPC,SPQR)

(/usr/share/texlive/texmf-dist/tex/latex/graphics/graphics.sty
Package: graphics 2016/01/03 v1.0q Standard LaTeX Graphics (DPC,SPQR)

(/usr/share/texlive/texmf-dist/tex/latex/graphics/trig.sty
Package: trig 2016/01/03 v1.10 sin cos tan (DPC)
)
(/usr/share/texlive/texmf-dist/tex/latex/latexconfig/graphics.cfg
File: graphics.cfg 2010/04/23 v1.9 graphics configuration of TeX Live
)
Package graphics Info: Driver file: pdftex.def on input line 95.

(/usr/share/texlive/texmf-dist/tex/latex/pdftex-def/pdftex.def
File: pdftex.def 2011/05/27 v0.06d Graphics/color for pdfTeX

(/usr/share/texlive/texmf-dist/tex/generic/oberdiek/infwarerr.sty
Package: infwarerr 2010/04/08 v1.3 Providing info/warning/error messages (HO)
)
(/usr/share/texlive/texmf-dist/tex/generic/oberdiek/ltxcmds.sty
Package: ltxcmds 2011/11/09 v1.22 LaTeX kernel commands for general use (HO)
)
\Gread@gobject=\count109
))
\Gin@req@height=\dimen110
\Gin@req@width=\dimen111
)
(/usr/share/texlive/texmf-dist/tex/latex/pdfpages/pdfpages.sty
Package: pdfpages 2015/09/18 v0.5d Insert pages of external PDF documents (AM)

(/usr/share/texlive/texmf-dist/tex/latex/base/ifthen.sty
Package: ifthen 2014/09/29 v1.1c Standard LaTeX ifthen package (DPC)
)
(/usr/share/texlive/texmf-dist/tex/latex/tools/calc.sty
Package: calc 2014/10/28 v4.3 Infix arithmetic (KKT,FJ)
\calc@Acount=\count110
\calc@Bcount=\count111
\calc@Adimen=\dimen112
\calc@Bdimen=\dimen113
\calc@Askip=\skip50
\calc@Bskip=\skip51
LaTeX Info: Redefining \setlength on input line 80.
LaTeX Info: Redefining \addtolength on input line 81.
\calc@Ccount=\count112
\calc@Cskip=\skip52
)
(/usr/share/texlive/texmf-dist/tex/latex/eso-pic/eso-pic.sty
Package: eso-pic 2015/07/21 v2.0g eso-pic (RN)

(/usr/share/texlive/texmf-dist/tex/generic/oberdiek/atbegshi.sty
Package: atbegshi 2011/10/05 v1.16 At begin shipout hook (HO)

(/usr/share/texlive/texmf-dist/tex/generic/oberdiek/ifpdf.sty
Package: ifpdf 2011/01/30 v2.3 Provides the ifpdf switch (HO)
Package ifpdf Info: pdfTeX in PDF mode is detected.
))
(/usr/share/texlive/texmf-dist/tex/latex/xcolor/xcolor.sty
Package: xcolor 2007/01/21 v2.11 LaTeX color extensions (UK)

(/usr/share/texlive/texmf-dist/tex/latex/latexconfig/color.cfg
File: color.cfg 2007/01/18 v1.5 color configuration of teTeX/TeXLive
)
Package xcolor Info: Driver file: pdftex.def on input line 225.
Package xcolor Info: Model `cmy' substituted by `cmy0' on input line 1337.
Package xcolor Info: Model `hsb' substituted by `rgb' on input line 1341.
Package xcolor Info: Model `RGB' extended on input line 1353.
Package xcolor Info: Model `HTML' substituted by `rgb' on input line 1355.
Package xcolor Info: Model `Hsb' substituted by `hsb' on input line 1356.
Package xcolor Info: Model `tHsb' substituted by `hsb' on input line 1357.
Package xcolor Info: Model `HSB' substituted by `hsb' on input line 1358.
Package xcolor Info: Model `Gray' substituted by `gray' on input line 1359.
Package xcolor Info: Model `wave' substituted by `hsb' on input line 1360.
))
\AM@pagewidth=\dimen114
\AM@pageheight=\dimen115

(/usr/share/texlive/texmf-dist/tex/latex/pdfpages/pppdftex.def
File: pppdftex.def 2015/09/18 v0.5d Pdfpages driver for pdfTeX (AM)
)
\AM@pagebox=\box29
\AM@toc@title=\toks21
\c@AM@survey=\count113
\AM@templatesizebox=\box30
)
(/usr/share/texlive/texmf-dist/tex/latex/listings/listings.sty
\lst@mode=\count114
\lst@gtempboxa=\box31
\lst@token=\toks22
\lst@length=\count115
\lst@currlwidth=\dimen116
\lst@column=\count116
\lst@pos=\count117
\lst@lostspace=\dimen117
\lst@width=\dimen118
\lst@newlines=\count118
\lst@lineno=\count119
\lst@maxwidth=\dimen119

(/usr/share/texlive/texmf-dist/tex/latex/listings/lstmisc.sty
File: lstmisc.sty 2015/06/04 1.6 (Carsten Heinz)
\c@lstnumber=\count120
\lst@skipnumbers=\count121
\lst@framebox=\box32
)
(/usr/share/texlive/texmf-dist/tex/latex/listings/listings.cfg
File: listings.cfg 2015/06/04 1.6 listings configuration
))
Package: listings 2015/06/04 1.6 (Carsten Heinz)
 (./alloy.sty)
(./rasd.aux)
\openout1 = `rasd.aux'.

LaTeX Font Info:    Checking defaults for OML/cmm/m/it on input line 18.
LaTeX Font Info:    ... okay on input line 18.
LaTeX Font Info:    Checking defaults for T1/cmr/m/n on input line 18.
LaTeX Font Info:    ... okay on input line 18.
LaTeX Font Info:    Checking defaults for OT1/cmr/m/n on input line 18.
LaTeX Font Info:    ... okay on input line 18.
LaTeX Font Info:    Checking defaults for OMS/cmsy/m/n on input line 18.
LaTeX Font Info:    ... okay on input line 18.
LaTeX Font Info:    Checking defaults for OMX/cmex/m/n on input line 18.
LaTeX Font Info:    ... okay on input line 18.
LaTeX Font Info:    Checking defaults for U/cmr/m/n on input line 18.
LaTeX Font Info:    ... okay on input line 18.
 (/usr/share/texlive/texmf-dist/tex/context/base/supp-pdf.mkii
[Loading MPS to PDF converter (version 2006.09.02).]
\scratchcounter=\count122
\scratchdimen=\dimen120
\scratchbox=\box33
\nofMPsegments=\count123
\nofMParguments=\count124
\everyMPshowfont=\toks23
\MPscratchCnt=\count125
\MPscratchDim=\dimen121
\MPnumerator=\count126
\makeMPintoPDFobject=\count127
\everyMPtoPDFconversion=\toks24
) (/usr/share/texlive/texmf-dist/tex/generic/oberdiek/pdftexcmds.sty
Package: pdftexcmds 2011/11/29 v0.20 Utility functions of pdfTeX for LuaTeX (HO
)

(/usr/share/texlive/texmf-dist/tex/generic/oberdiek/ifluatex.sty
Package: ifluatex 2010/03/01 v1.3 Provides the ifluatex switch (HO)
Package ifluatex Info: LuaTeX not detected.
)
Package pdftexcmds Info: LuaTeX not detected.
Package pdftexcmds Info: \pdf@primitive is available.
Package pdftexcmds Info: \pdf@ifprimitive is available.
Package pdftexcmds Info: \pdfdraftmode found.
)
(/usr/share/texlive/texmf-dist/tex/latex/oberdiek/epstopdf-base.sty
Package: epstopdf-base 2010/02/09 v2.5 Base part for package epstopdf

(/usr/share/texlive/texmf-dist/tex/latex/oberdiek/grfext.sty
Package: grfext 2010/08/19 v1.1 Manage graphics extensions (HO)

(/usr/share/texlive/texmf-dist/tex/generic/oberdiek/kvdefinekeys.sty
Package: kvdefinekeys 2011/04/07 v1.3 Define keys (HO)
))
(/usr/share/texlive/texmf-dist/tex/latex/oberdiek/kvoptions.sty
Package: kvoptions 2011/06/30 v3.11 Key value format for package options (HO)

(/usr/share/texlive/texmf-dist/tex/generic/oberdiek/kvsetkeys.sty
Package: kvsetkeys 2012/04/25 v1.16 Key value parser (HO)

(/usr/share/texlive/texmf-dist/tex/generic/oberdiek/etexcmds.sty
Package: etexcmds 2011/02/16 v1.5 Avoid name clashes with e-TeX commands (HO)
Package etexcmds Info: Could not find \expanded.
(etexcmds)             That can mean that you are not using pdfTeX 1.50 or
(etexcmds)             that some package has redefined \expanded.
(etexcmds)             In the latter case, load this package earlier.
)))
Package grfext Info: Graphics extension search list:
(grfext)             [.png,.pdf,.jpg,.mps,.jpeg,.jbig2,.jb2,.PNG,.PDF,.JPG,.JPE
G,.JBIG2,.JB2,.eps]
(grfext)             \AppendGraphicsExtensions on input line 452.

(/usr/share/texlive/texmf-dist/tex/latex/latexconfig/epstopdf-sys.cfg
File: epstopdf-sys.cfg 2010/07/13 v1.3 Configuration of (r)epstopdf for TeX Liv
e
))
\AtBeginShipoutBox=\box34

(/usr/share/texlive/texmf-dist/tex/latex/oberdiek/pdflscape.sty
Package: pdflscape 2008/08/11 v0.10 Display of landscape pages in PDF (HO)

(/usr/share/texlive/texmf-dist/tex/latex/graphics/lscape.sty
Package: lscape 2000/10/22 v3.01 Landscape Pages (DPC)
)
Package pdflscape Info: Auto-detected driver: pdftex on input line 80.

(/usr/share/texlive/texmf-dist/tex/generic/ifxetex/ifxetex.sty
Package: ifxetex 2010/09/12 v0.6 Provides ifxetex conditional
))
\c@lstlisting=\count128

<polimi-logo.png, id=1, 803.0pt x 501.875pt>
File: polimi-logo.png Graphic file (type png)
 <use polimi-logo.png>
Package pdftex.def Info: polimi-logo.png used on input line 36.
(pdftex.def)             Requested size: 291.28238pt x 182.05328pt.
LaTeX Font Info:    Font shape `OT1/cmtt/bx/n' in size <24.88> not available
(Font)              Font shape `OT1/cmtt/m/n' tried instead on input line 41.
 [1



{/var/lib/texmf/fonts/map/pdftex/updmap/pdftex.map} <./polimi-logo.png>] (./ras
d.toc
LaTeX Font Info:    External font `cmex10' loaded for size
(Font)              <12> on input line 2.
LaTeX Font Info:    External font `cmex10' loaded for size
(Font)              <8> on input line 2.
LaTeX Font Info:    External font `cmex10' loaded for size
(Font)              <6> on input line 2.

Underfull \hbox (badness 10000) in paragraph at lines 12--12
 [][]  
 []

)
\tf@toc=\write3
\openout3 = `rasd.toc'.

 [2


]
Underfull \hbox (badness 10000) in paragraph at lines 65--66

 []

[3]
chapter 1.

Class scrbook Warning: \float@addtolists detected!
(scrbook)              Implementation of \float@addtolist became
(scrbook)              deprecated in KOMA-Script v3.01 2008/11/14 and
(scrbook)              has been replaced by several more flexible
(scrbook)              features of package `tocbasic`.
(scrbook)              Since Version 3.12 support for deprecated
(scrbook)              \float@addtolist interface has been
(scrbook)              restricted to only some of the KOMA-Script
(scrbook)              features and been removed from others.
(scrbook)              Loading of package `scrhack' may help to
(scrbook)              avoid this warning, if you are using a
(scrbook)              a package that still implements the
(scrbook)              deprecated \float@addtolist interface .


Underfull \hbox (badness 10000) in paragraph at lines 77--78

 []


Underfull \hbox (badness 10000) in paragraph at lines 79--81

 []


Underfull \hbox (badness 10000) in paragraph at lines 99--100

 []

[4


]
Underfull \hbox (badness 10000) in paragraph at lines 101--103

 []


Underfull \hbox (badness 10000) in paragraph at lines 104--105

 []


Underfull \hbox (badness 10000) in paragraph at lines 106--107

 []

LaTeX Font Info:    Try loading font information for OMS+cmr on input line 115.

(/usr/share/texlive/texmf-dist/tex/latex/base/omscmr.fd
File: omscmr.fd 2014/09/29 v2.5h Standard LaTeX font definitions
)
LaTeX Font Info:    Font shape `OMS/cmr/m/n' in size <12> not available
(Font)              Font shape `OMS/cmsy/m/n' tried instead on input line 115.
 [5]
Underfull \hbox (badness 10000) in paragraph at lines 158--159

 []


Overfull \hbox (13.06804pt too wide) in paragraph at lines 162--162
 []\OT1/cmr/bx/n/12 Version 
 []


Overfull \hbox (4.534pt too wide) in paragraph at lines 160--174
[][] 
 []

[6]
Overfull \hbox (7.28944pt too wide) in paragraph at lines 187--188
[]\OT1/cmr/m/n/12 IEEE Std 1016tm-2009 Stan-dard for In-for-ma-tion Tecnology-S
ystem Design-Software
 []

[7]
chapter 2.

Underfull \hbox (badness 10000) in paragraph at lines 208--209

 []


Underfull \hbox (badness 10000) in paragraph at lines 210--211

 []

<phenomena.jpg, id=36, 526.96875pt x 215.80624pt>
File: phenomena.jpg Graphic file (type jpg)
 <use phenomena.jpg>
Package pdftex.def Info: phenomena.jpg used on input line 216.
(pdftex.def)             Requested size: 358.50612pt x 146.82204pt.

Underfull \hbox (badness 10000) in paragraph at lines 220--221

 []

[8


 <./phenomena.jpg>]
Underfull \hbox (badness 10000) in paragraph at lines 242--243

 []


Underfull \hbox (badness 10000) in paragraph at lines 260--261

 []

[9] [10] [11]
chapter 3.

Underfull \hbox (badness 10000) in paragraph at lines 304--305

 []

<mockups/ExistingSchedule.png, id=50, 381.425pt x 756.8275pt>
File: mockups/ExistingSchedule.png Graphic file (type png)

<use mockups/ExistingSchedule.png>
Package pdftex.def Info: mockups/ExistingSchedule.png used on input line 308.
(pdftex.def)             Requested size: 313.69029pt x 622.45029pt.
 [12


]
Overfull \vbox (30.30032pt too high) has occurred while \output is active []


[13 <./mockups/ExistingSchedule.png>]
<mockups/Guide.png, id=59, 381.425pt x 756.8275pt>
File: mockups/Guide.png Graphic file (type png)
 <use mockups/Guide.png>
Package pdftex.def Info: mockups/Guide.png used on input line 314.
(pdftex.def)             Requested size: 313.69029pt x 622.45029pt.

Overfull \vbox (30.30032pt too high) has occurred while \output is active []


[14 <./mockups/Guide.png>] <mockups/Login.png, id=64, 381.425pt x 756.8275pt>
File: mockups/Login.png Graphic file (type png)

<use mockups/Login.png>
Package pdftex.def Info: mockups/Login.png used on input line 320.
(pdftex.def)             Requested size: 313.69029pt x 622.45029pt.

Overfull \vbox (15.80032pt too high) has occurred while \output is active []


[15 <./mockups/Login.png>]
<mockups/PersonalArea.png, id=69, 381.425pt x 756.8275pt>
File: mockups/PersonalArea.png Graphic file (type png)

<use mockups/PersonalArea.png>
Package pdftex.def Info: mockups/PersonalArea.png used on input line 326.
(pdftex.def)             Requested size: 313.69029pt x 622.45029pt.

Overfull \vbox (30.30032pt too high) has occurred while \output is active []


[16 <./mockups/PersonalArea.png>]
<mockups/SharedSchedule.png, id=74, 381.425pt x 756.8275pt>
File: mockups/SharedSchedule.png Graphic file (type png)

<use mockups/SharedSchedule.png>
Package pdftex.def Info: mockups/SharedSchedule.png used on input line 332.
(pdftex.def)             Requested size: 313.69029pt x 622.45029pt.

Overfull \vbox (30.30032pt too high) has occurred while \output is active []


[17 <./mockups/SharedSchedule.png>]
<mockups/Tickets.png, id=79, 381.425pt x 756.8275pt>
File: mockups/Tickets.png Graphic file (type png)
 <use mockups/Tickets.png>
Package pdftex.def Info: mockups/Tickets.png used on input line 338.
(pdftex.def)             Requested size: 313.69029pt x 622.45029pt.

Overfull \vbox (15.80032pt too high) has occurred while \output is active []


[18 <./mockups/Tickets.png>]
<mockups/TicketsBuy.png, id=84, 381.425pt x 756.8275pt>
File: mockups/TicketsBuy.png Graphic file (type png)

<use mockups/TicketsBuy.png>
Package pdftex.def Info: mockups/TicketsBuy.png used on input line 344.
(pdftex.def)             Requested size: 313.69029pt x 622.45029pt.

Overfull \vbox (30.30032pt too high) has occurred while \output is active []


[19 <./mockups/TicketsBuy.png>] [20] [21] [22]
<usecases/Scenario1.png, id=99, 788.9475pt x 670.505pt>
File: usecases/Scenario1.png Graphic file (type png)

<use usecases/Scenario1.png>
Package pdftex.def Info: usecases/Scenario1.png used on input line 446.
(pdftex.def)             Requested size: 448.13095pt x 380.85156pt.

Underfull \hbox (badness 10000) in paragraph at lines 443--448

 []


Overfull \hbox (3.52776pt too wide) in paragraph at lines 453--453
 []\OT1/cmr/bx/n/12 Name 
 []


Overfull \hbox (2.70831pt too wide) in paragraph at lines 455--455
 []\OT1/cmr/bx/n/12 Actor 
 []


Overfull \hbox (24.8251pt too wide) in paragraph at lines 451--481
[][] 
 []

<flows/Scenario1.png, id=100, 264.99pt x 874.26625pt>
File: flows/Scenario1.png Graphic file (type png)

<use flows/Scenario1.png>
Package pdftex.def Info: flows/Scenario1.png used on input line 484.
(pdftex.def)             Requested size: 179.24963pt x 591.39825pt.
 [23 <./usecases/Scenario1.png>]
Overfull \vbox (63.73355pt too high) has occurred while \output is active []


[24] [25 <./flows/Scenario1.png>]
Underfull \hbox (badness 10000) in paragraph at lines 491--493

 []

<usecases/Scenario2.png, id=113, 891.33pt x 654.445pt>
File: usecases/Scenario2.png Graphic file (type png)

<use usecases/Scenario2.png>
Package pdftex.def Info: usecases/Scenario2.png used on input line 495.
(pdftex.def)             Requested size: 448.13095pt x 329.02916pt.

Overfull \hbox (3.52776pt too wide) in paragraph at lines 501--501
 []\OT1/cmr/bx/n/12 Name 
 []


Overfull \hbox (2.70831pt too wide) in paragraph at lines 504--504
 []\OT1/cmr/bx/n/12 Actor 
 []


Overfull \hbox (24.8251pt too wide) in paragraph at lines 499--531
[][] 
 []

<flows/Scenario2.png, id=114, 554.07pt x 1164.35pt>
File: flows/Scenario2.png Graphic file (type png)
 <use flows/Scenario2.png>
Package pdftex.def Info: flows/Scenario2.png used on input line 534.
(pdftex.def)             Requested size: 291.28238pt x 612.11017pt.

[26 <./usecases/Scenario2.png>]
Overfull \vbox (23.00026pt too high) has occurred while \output is active []


[27]
Overfull \vbox (5.4602pt too high) has occurred while \output is active []


[28 <./flows/Scenario2.png>]
Underfull \hbox (badness 10000) in paragraph at lines 540--542

 []

<usecases/Scenario3.png, id=126, 887.315pt x 437.635pt>
File: usecases/Scenario3.png Graphic file (type png)

<use usecases/Scenario3.png>
Package pdftex.def Info: usecases/Scenario3.png used on input line 545.
(pdftex.def)             Requested size: 448.13095pt x 221.02061pt.

Overfull \hbox (3.52776pt too wide) in paragraph at lines 551--551
 []\OT1/cmr/bx/n/12 Name 
 []


Overfull \hbox (2.70831pt too wide) in paragraph at lines 554--554
 []\OT1/cmr/bx/n/12 Actor 
 []

<flows/Scenario3.png, id=127, 121.45375pt x 487.8225pt>
File: flows/Scenario3.png Graphic file (type png)

<use flows/Scenario3.png>
Package pdftex.def Info: flows/Scenario3.png used on input line 577.
(pdftex.def)             Requested size: 134.44064pt x 539.98578pt.

Overfull \hbox (24.8251pt too wide) in paragraph at lines 549--579
[][] 
 []

[29 <./usecases/Scenario3.png>] [30] [31 <./flows/Scenario3.png>]
Underfull \hbox (badness 10000) in paragraph at lines 584--586

 []

<usecases/Scenario4.png, id=140, 880.28876pt x 546.04pt>
File: usecases/Scenario4.png Graphic file (type png)

<use usecases/Scenario4.png>
Package pdftex.def Info: usecases/Scenario4.png used on input line 588.
(pdftex.def)             Requested size: 448.13095pt x 277.96846pt.

Overfull \hbox (3.52776pt too wide) in paragraph at lines 594--594
 []\OT1/cmr/bx/n/12 Name 
 []


Overfull \hbox (2.70831pt too wide) in paragraph at lines 598--598
 []\OT1/cmr/bx/n/12 Actor 
 []


Overfull \hbox (24.8251pt too wide) in paragraph at lines 592--623
[][] 
 []

<flows/Scenario4.png, id=141, 462.72874pt x 964.60374pt>
File: flows/Scenario4.png Graphic file (type png)

<use flows/Scenario4.png>
Package pdftex.def Info: flows/Scenario4.png used on input line 626.
(pdftex.def)             Requested size: 291.28238pt x 607.21786pt.
 [32 <./usecases/Scenario4.png>] [33]
Overfull \vbox (0.5679pt too high) has occurred while \output is active []


[34 <./flows/Scenario4.png>]
Underfull \hbox (badness 10000) in paragraph at lines 632--634

 []

<usecases/Scenario5.png, id=153, 865.2325pt x 514.92375pt>
File: usecases/Scenario5.png Graphic file (type png)

<use usecases/Scenario5.png>
Package pdftex.def Info: usecases/Scenario5.png used on input line 636.
(pdftex.def)             Requested size: 448.13095pt x 266.69331pt.

Overfull \hbox (3.52776pt too wide) in paragraph at lines 642--642
 []\OT1/cmr/bx/n/12 Name 
 []


Overfull \hbox (2.70831pt too wide) in paragraph at lines 645--645
 []\OT1/cmr/bx/n/12 Actor 
 []


Overfull \hbox (24.8251pt too wide) in paragraph at lines 640--677
[][] 
 []

<flows/Scenario5.png, id=154, 406.51875pt x 1075.01625pt>
File: flows/Scenario5.png Graphic file (type png)

<use flows/Scenario5.png>
Package pdftex.def Info: flows/Scenario5.png used on input line 680.
(pdftex.def)             Requested size: 224.06548pt x 592.52383pt.
 [35 <./usecases/Scenario5.png>]
Overfull \vbox (25.73355pt too high) has occurred while \output is active []


[36]
Underfull \hbox (badness 10000) in paragraph at lines 686--688

 []

[37 <./flows/Scenario5.png>]
<usecases/Scenario6.png, id=166, 742.775pt x 539.01375pt>
File: usecases/Scenario6.png Graphic file (type png)

<use usecases/Scenario6.png>
Package pdftex.def Info: usecases/Scenario6.png used on input line 690.
(pdftex.def)             Requested size: 448.13095pt x 325.20372pt.

Overfull \hbox (3.52776pt too wide) in paragraph at lines 696--696
 []\OT1/cmr/bx/n/12 Name 
 []


Overfull \hbox (2.70831pt too wide) in paragraph at lines 699--699
 []\OT1/cmr/bx/n/12 Actor 
 []


Overfull \hbox (24.8251pt too wide) in paragraph at lines 694--725
[][] 
 []

<flows/Scenario6.png, id=167, 366.36874pt x 944.52875pt>
File: flows/Scenario6.png Graphic file (type png)

<use flows/Scenario6.png>
Package pdftex.def Info: flows/Scenario6.png used on input line 728.
(pdftex.def)             Requested size: 224.06548pt x 577.66058pt.
 [38 <./usecases/Scenario6.png>] [39] [40 <./flows/Scenario6.png>]
Underfull \hbox (badness 10000) in paragraph at lines 735--739

 []

<usecases/Scenario7.png, id=178, 697.60625pt x 647.41875pt>
File: usecases/Scenario7.png Graphic file (type png)

<use usecases/Scenario7.png>
Package pdftex.def Info: usecases/Scenario7.png used on input line 741.
(pdftex.def)             Requested size: 448.13095pt x 415.89755pt.

Overfull \hbox (3.52776pt too wide) in paragraph at lines 747--747
 []\OT1/cmr/bx/n/12 Name 
 []


Overfull \hbox (2.70831pt too wide) in paragraph at lines 750--750
 []\OT1/cmr/bx/n/12 Actor 
 []


Overfull \hbox (24.8251pt too wide) in paragraph at lines 745--774
[][] 
 []

<flows/Scenario7.png, id=179, 264.99pt x 1024.82875pt>
File: flows/Scenario7.png Graphic file (type png)

<use flows/Scenario7.png>
Package pdftex.def Info: flows/Scenario7.png used on input line 777.
(pdftex.def)             Requested size: 156.84856pt x 606.59842pt.
 [41 <./usecases/Scenario7.png>] [42] [43 <./flows/Scenario7.png>] <usecases/Sc
enario8.png, id=192, 899.36pt x 419.5675pt>
File: usecases/Scenario8.png Graphic file (type png)

<use usecases/Scenario8.png>
Package pdftex.def Info: usecases/Scenario8.png used on input line 787.
(pdftex.def)             Requested size: 313.69029pt x 146.33865pt.

Underfull \hbox (badness 10000) in paragraph at lines 784--789

 []


Overfull \hbox (3.52776pt too wide) in paragraph at lines 794--794
 []\OT1/cmr/bx/n/12 Name 
 []


Overfull \hbox (2.70831pt too wide) in paragraph at lines 797--797
 []\OT1/cmr/bx/n/12 Actor 
 []


Overfull \hbox (24.8251pt too wide) in paragraph at lines 792--819
[][] 
 []

<flows/Scenario8.png, id=193, 264.99pt x 700.6175pt>
File: flows/Scenario8.png Graphic file (type png)
 <use flows/Scenario8.png>
Package pdftex.def Info: flows/Scenario8.png used on input line 822.
(pdftex.def)             Requested size: 224.06548pt x 592.41673pt.

[44 <./usecases/Scenario8.png>] [45] [46 <./flows/Scenario8.png>]
Underfull \hbox (badness 10000) in paragraph at lines 830--833

 []

<usecases/Scenario9.png, id=205, 932.48375pt x 621.32124pt>
File: usecases/Scenario9.png Graphic file (type png)

<use usecases/Scenario9.png>
Package pdftex.def Info: usecases/Scenario9.png used on input line 835.
(pdftex.def)             Requested size: 448.13095pt x 298.59106pt.

Overfull \hbox (3.52776pt too wide) in paragraph at lines 842--842
 []\OT1/cmr/bx/n/12 Name 
 []


Overfull \hbox (2.70831pt too wide) in paragraph at lines 845--845
 []\OT1/cmr/bx/n/12 Actor 
 []


Overfull \hbox (24.8251pt too wide) in paragraph at lines 840--865
[][] 
 []

[47 <./usecases/Scenario9.png>] [48]
<flows/Scenario9.png, id=213, 121.45375pt x 563.10374pt>
File: flows/Scenario9.png Graphic file (type png)

<use flows/Scenario9.png>
Package pdftex.def Info: flows/Scenario9.png used on input line 871.
(pdftex.def)             Requested size: 134.44064pt x 623.31693pt.

Overfull \vbox (16.66696pt too high) has occurred while \output is active []


[49 <./flows/Scenario9.png>]
Underfull \hbox (badness 10000) in paragraph at lines 891--892

 []

[50] [51]
chapter 4.
<uml.jpg, id=226, 939.51pt x 878.28125pt>
File: uml.jpg Graphic file (type jpg)
 <use uml.jpg>
Package pdftex.def Info: uml.jpg used on input line 908.
(pdftex.def)             Requested size: 448.13095pt x 418.91672pt.
LaTeX Font Info:    Try loading font information for OT1+pcr on input line 913.


(/usr/share/texlive/texmf-dist/tex/latex/psnfss/ot1pcr.fd
File: ot1pcr.fd 2001/06/04 font definitions for OT1/pcr.
) (./AlloyDef.als
LaTeX Font Info:    Font shape `OT1/pcr/bx/n' in size <10.95> not available
(Font)              Font shape `OT1/pcr/b/n' tried instead on input line 1.
LaTeX Font Info:    External font `cmex10' loaded for size
(Font)              <10.95> on input line 1.
LaTeX Font Info:    Try loading font information for OMS+pcr on input line 5.

(/usr/share/texlive/texmf-dist/tex/latex/psnfss/omspcr.fd
File: omspcr.fd 
)
LaTeX Font Info:    Font shape `OMS/pcr/m/n' in size <10.95> not available
(Font)              Font shape `OMS/cmsy/m/n' tried instead on input line 5.
 [52


 <./uml.jpg>]
[53] [54] [55] [56] [57] [58] [59])
<result.jpg, id=257, 412.54124pt x 295.1025pt>
File: result.jpg Graphic file (type jpg)
 <use result.jpg>
Package pdftex.def Info: result.jpg used on input line 916.
(pdftex.def)             Requested size: 412.54024pt x 295.10176pt.

<AlloyPDFRender.pdf, id=258, 2559.5625pt x 3312.375pt>
File: AlloyPDFRender.pdf Graphic file (type pdf)

<use AlloyPDFRender.pdf>
Package pdftex.def Info: AlloyPDFRender.pdf used on input line 918.
(pdftex.def)             Requested size: 2559.55629pt x 3312.36697pt.
File: AlloyPDFRender.pdf Graphic file (type pdf)
 <use AlloyPDFRender.pdf>
Package pdftex.def Info: AlloyPDFRender.pdf used on input line 918.
(pdftex.def)             Requested size: 2559.55629pt x 3312.36697pt.

<AlloyPDFRender.pdf, id=261, page=1, 2559.5625pt x 3312.375pt>
File: AlloyPDFRender.pdf Graphic file (type pdf)

<use AlloyPDFRender.pdf, page 1>
Package pdftex.def Info: AlloyPDFRender.pdf, page1 used on input line 918.
(pdftex.def)             Requested size: 2559.55629pt x 3312.36697pt.
File: AlloyPDFRender.pdf Graphic file (type pdf)
 <use AlloyPDFRender.pdf, page 1>
Package pdftex.def Info: AlloyPDFRender.pdf, page1 used on input line 918.
(pdftex.def)             Requested size: 597.63077pt x 773.40453pt.
 [60 <./result.jpg>]
File: AlloyPDFRender.pdf Graphic file (type pdf)
 <use AlloyPDFRender.pdf, page 1>
Package pdftex.def Info: AlloyPDFRender.pdf, page1 used on input line 918.
(pdftex.def)             Requested size: 597.63077pt x 773.40453pt.
File: AlloyPDFRender.pdf Graphic file (type pdf)
 <use AlloyPDFRender.pdf, page 1>
Package pdftex.def Info: AlloyPDFRender.pdf, page1 used on input line 918.
(pdftex.def)             Requested size: 597.63077pt x 773.40453pt.
File: AlloyPDFRender.pdf Graphic file (type pdf)

<use AlloyPDFRender.pdf, page 1>
Package pdftex.def Info: AlloyPDFRender.pdf, page1 used on input line 918.
(pdftex.def)             Requested size: 597.63077pt x 773.40453pt.
 [61 <./AlloyPDFRender.pdf>]
<PdfAlloy2.pdf, id=270, 2559.5625pt x 3312.375pt>
File: PdfAlloy2.pdf Graphic file (type pdf)
 <use PdfAlloy2.pdf>
Package pdftex.def Info: PdfAlloy2.pdf used on input line 919.
(pdftex.def)             Requested size: 2559.55629pt x 3312.36697pt.
File: PdfAlloy2.pdf Graphic file (type pdf)

<use PdfAlloy2.pdf>
Package pdftex.def Info: PdfAlloy2.pdf used on input line 919.
(pdftex.def)             Requested size: 2559.55629pt x 3312.36697pt.
 <PdfAlloy2.pdf, id=273, page=1, 2559.5625pt x 3312.375pt>
File: PdfAlloy2.pdf Graphic file (type pdf)

<use PdfAlloy2.pdf, page 1>
Package pdftex.def Info: PdfAlloy2.pdf, page1 used on input line 919.
(pdftex.def)             Requested size: 2559.55629pt x 3312.36697pt.
File: PdfAlloy2.pdf Graphic file (type pdf)
 <use PdfAlloy2.pdf, page 1>
Package pdftex.def Info: PdfAlloy2.pdf, page1 used on input line 919.
(pdftex.def)             Requested size: 597.63077pt x 773.40453pt.
File: PdfAlloy2.pdf Graphic file (type pdf)

<use PdfAlloy2.pdf, page 1>
Package pdftex.def Info: PdfAlloy2.pdf, page1 used on input line 919.
(pdftex.def)             Requested size: 597.63077pt x 773.40453pt.
File: PdfAlloy2.pdf Graphic file (type pdf)
 <use PdfAlloy2.pdf, page 1>
Package pdftex.def Info: PdfAlloy2.pdf, page1 used on input line 919.
(pdftex.def)             Requested size: 597.63077pt x 773.40453pt.
File: PdfAlloy2.pdf Graphic file (type pdf)

<use PdfAlloy2.pdf, page 1>
Package pdftex.def Info: PdfAlloy2.pdf, page1 used on input line 919.
(pdftex.def)             Requested size: 597.63077pt x 773.40453pt.
 [62 <./PdfAlloy2.pdf>]
chapter 5.

Underfull \hbox (badness 10000) in paragraph at lines 925--926

 []


Overfull \hbox (3.52776pt too wide) in paragraph at lines 929--929
 []\OT1/cmr/bx/n/12 Name 
 []


Overfull \hbox (4.14961pt too wide) in paragraph at lines 932--932
 []\OT1/cmr/m/n/12 Lukasz 
 []


Overfull \hbox (10.51204pt too wide) in paragraph at lines 932--932
 \OT1/cmr/m/n/12 Moskwa 
 []


Overfull \hbox (1.30797pt too wide) in paragraph at lines 934--934
 []\OT1/cmr/m/n/12 Marco 
 []


Overfull \hbox (16.08005pt too wide) in paragraph at lines 936--936
 []\OT1/cmr/m/n/12 Gianluigi 
 []


Overfull \hbox (36.94984pt too wide) in paragraph at lines 927--942
[][] 
 []

[63


]
chapter 6.

Overfull \hbox (7.28944pt too wide) in paragraph at lines 954--955
[]\OT1/cmr/m/n/12 IEEE Std 1016tm-2009 Stan-dard for In-for-ma-tion Tecnology-S
ystem Design-Software
 []

[64


] (./rasd.aux) ) 
Here is how much of TeX's memory you used:
 7259 strings out of 494953
 107671 string characters out of 6180977
 418932 words of memory out of 5000000
 10401 multiletter control sequences out of 15000+600000
 13562 words of font info for 48 fonts, out of 8000000 for 9000
 14 hyphenation exceptions out of 8191
 47i,18n,66p,740b,1759s stack positions out of 5000i,500n,10000p,200000b,80000s
{/usr/share/texlive/texmf-dist/fonts/enc/dvips/base/8r.enc}</us
r/share/texlive/texmf-dist/fonts/type1/public/amsfonts/cm/cmbx12.pfb></usr/shar
e/texlive/texmf-dist/fonts/type1/public/amsfonts/cm/cmcsc10.pfb></usr/share/tex
live/texmf-dist/fonts/type1/public/amsfonts/cm/cmmi10.pfb></usr/share/texlive/t
exmf-dist/fonts/type1/public/amsfonts/cm/cmmi12.pfb></usr/share/texlive/texmf-d
ist/fonts/type1/public/amsfonts/cm/cmr10.pfb></usr/share/texlive/texmf-dist/fon
ts/type1/public/amsfonts/cm/cmr12.pfb></usr/share/texlive/texmf-dist/fonts/type
1/public/amsfonts/cm/cmr6.pfb></usr/share/texlive/texmf-dist/fonts/type1/public
/amsfonts/cm/cmsl12.pfb></usr/share/texlive/texmf-dist/fonts/type1/public/amsfo
nts/cm/cmssbx10.pfb></usr/share/texlive/texmf-dist/fonts/type1/public/amsfonts/
cm/cmsy10.pfb></usr/share/texlive/texmf-dist/fonts/type1/public/amsfonts/cm/cmt
i12.pfb></usr/share/texlive/texmf-dist/fonts/type1/public/amsfonts/cm/cmtt12.pf
b></usr/share/texlive/texmf-dist/fonts/type1/urw/courier/ucrb8a.pfb></usr/share
/texlive/texmf-dist/fonts/type1/urw/courier/ucrr8a.pfb>
Output written on rasd.pdf (64 pages, 1628437 bytes).
PDF statistics:
 332 PDF objects out of 1000 (max. 8388607)
 189 compressed objects within 2 object streams
 0 named destinations out of 1000 (max. 500000)
 186 words of extra memory for PDF output out of 10000 (max. 10000000)

